 
* = = = = = = = = =
* Disk Driver: virtio_blk
* = = = = = = = = =
 
 
* = = = = = = = = =
* NIC Driver: virtio_net
* = = = = = = = = =
 
Preparing to build initrd for Debian
Working with /boot/vmlinuz-3.16.0-4-amd64
Which is version: 3.16.0-4-amd64
3. Swap already present on this host
3.5 creating the actual swapfile.
Setting up swapspace version 1, size = 1048572 KiB
no label, UUID=f9c96914-24e5-4d7e-b20f-8e609d605ed6
Updating system
Ign http://symbiosis.bytemark.co.uk ./ InRelease
Hit http://repo.bytemark.co.uk ./ InRelease
Get:1 http://symbiosis.bytemark.co.uk ./ Release.gpg [819 B]
Hit http://repo.bytemark.co.uk ./ InRelease
Get:2 http://symbiosis.bytemark.co.uk ./ Release [1364 B]
Hit http://repo.bytemark.co.uk ./ Sources
Hit http://repo.bytemark.co.uk ./ Packages
Hit http://repo.bytemark.co.uk ./ Sources
Hit http://repo.bytemark.co.uk ./ Packages
Get:3 http://symbiosis.bytemark.co.uk ./ Packages [13.0 kB]
Ign http://repo.bytemark.co.uk ./ Translation-en
Ign http://repo.bytemark.co.uk ./ Translation-en
Ign http://symbiosis.bytemark.co.uk ./ Translation-en
Get:4 http://security.debian.org jessie/updates InRelease [63.1 kB]
Ign http://httpredir.debian.org jessie InRelease
Get:5 http://httpredir.debian.org jessie-backports InRelease [166 kB]
Hit http://httpredir.debian.org jessie Release.gpg
Hit http://httpredir.debian.org jessie Release
Get:6 http://httpredir.debian.org jessie-backports/main amd64 Packages/DiffIndex [27.8 kB]
Get:7 http://httpredir.debian.org jessie-backports/contrib amd64 Packages/DiffIndex [14.9 kB]
Get:8 http://httpredir.debian.org jessie-backports/non-free amd64 Packages/DiffIndex [9574 B]
Get:9 http://httpredir.debian.org jessie-backports/contrib Translation-en/DiffIndex [5008 B]
Get:10 http://httpredir.debian.org jessie-backports/main Translation-en/DiffIndex [27.8 kB]
Get:11 http://httpredir.debian.org jessie-backports/non-free Translation-en/DiffIndex [8314 B]
Hit http://httpredir.debian.org jessie/main amd64 Packages
Hit http://httpredir.debian.org jessie/contrib amd64 Packages
Hit http://httpredir.debian.org jessie/non-free amd64 Packages
Hit http://httpredir.debian.org jessie/contrib Translation-en
Hit http://httpredir.debian.org jessie/main Translation-en
Hit http://httpredir.debian.org jessie/non-free Translation-en
Get:12 http://security.debian.org jessie/updates/main amd64 Packages [302 kB]
Get:13 http://httpredir.debian.org jessie-backports/contrib amd64 2016-08-06-1516.28.pdiff [373 B]
Get:14 http://httpredir.debian.org jessie-backports/main amd64 Packages [680 kB]
Get:15 http://httpredir.debian.org jessie-backports/contrib amd64 2016-08-06-1516.28.pdiff [373 B]
Get:16 http://security.debian.org jessie/updates/contrib amd64 Packages [2506 B]
Get:17 http://security.debian.org jessie/updates/non-free amd64 Packages [14 B]
Get:18 http://httpredir.debian.org jessie-backports/non-free amd64 2016-07-28-1514.02.pdiff [11.9 kB]
Get:19 http://security.debian.org jessie/updates/contrib Translation-en [1211 B]
Get:20 http://httpredir.debian.org jessie-backports/non-free amd64 2016-07-28-2115.34.pdiff [256 B]
Get:21 http://security.debian.org jessie/updates/main Translation-en [161 kB]
Get:22 http://security.debian.org jessie/updates/non-free Translation-en [14 B]
Get:23 http://httpredir.debian.org jessie-backports/non-free amd64 2016-08-14-2102.50.pdiff [1953 B]
Get:24 http://httpredir.debian.org jessie-backports/non-free amd64 2016-08-14-2102.50.pdiff [1953 B]
Get:25 http://httpredir.debian.org jessie-backports/main 2016-07-25-2116.47.pdiff [306 B]
Get:26 http://httpredir.debian.org jessie-backports/main 2016-07-26-0316.08.pdiff [320 B]
Get:27 http://httpredir.debian.org jessie-backports/main 2016-07-28-1514.02.pdiff [10.6 kB]
Get:28 http://httpredir.debian.org jessie-backports/main 2016-07-28-2115.34.pdiff [33 B]
Get:29 http://httpredir.debian.org jessie-backports/main 2016-07-29-1514.49.pdiff [540 B]
Get:30 http://httpredir.debian.org jessie-backports/main 2016-08-01-1511.36.pdiff [2534 B]
Get:31 http://httpredir.debian.org jessie-backports/main 2016-08-02-1511.14.pdiff [33 B]
Get:32 http://httpredir.debian.org jessie-backports/main 2016-08-04-1510.20.pdiff [2786 B]
Get:33 http://httpredir.debian.org jessie-backports/main 2016-08-05-1504.21.pdiff [140 B]
Get:34 http://httpredir.debian.org jessie-backports/main 2016-08-11-1500.07.pdiff [472 B]
Get:35 http://httpredir.debian.org jessie-backports/main 2016-08-11-2100.23.pdiff [5507 B]
Get:36 http://httpredir.debian.org jessie-backports/main 2016-08-12-1459.49.pdiff [2513 B]
Get:37 http://httpredir.debian.org jessie-backports/main 2016-08-12-2101.48.pdiff [408 B]
Get:38 http://httpredir.debian.org jessie-backports/main 2016-08-13-0309.30.pdiff [506 B]
Get:39 http://httpredir.debian.org jessie-backports/main 2016-08-14-2102.50.pdiff [620 B]
Get:40 http://httpredir.debian.org jessie-backports/main 2016-08-15-0307.04.pdiff [139 B]
Get:41 http://httpredir.debian.org jessie-backports/main 2016-08-15-1503.41.pdiff [167 B]
Get:42 http://httpredir.debian.org jessie-backports/main 2016-08-16-1504.02.pdiff [31 B]
Get:43 http://httpredir.debian.org jessie-backports/main 2016-08-17-0903.50.pdiff [72 B]
Get:44 http://httpredir.debian.org jessie-backports/main 2016-08-17-1505.47.pdiff [3066 B]
Get:45 http://httpredir.debian.org jessie-backports/main 2016-08-17-2101.38.pdiff [535 B]
Get:46 http://httpredir.debian.org jessie-backports/main 2016-08-18-0304.23.pdiff [273 B]
Get:47 http://httpredir.debian.org jessie-backports/main 2016-08-22-2111.32.pdiff [3761 B]
Get:48 http://httpredir.debian.org jessie-backports/main 2016-08-25-1515.39.pdiff [9270 B]
Get:49 http://httpredir.debian.org jessie-backports/main 2016-08-26-0316.18.pdiff [464 B]
Get:50 http://httpredir.debian.org jessie-backports/main 2016-08-26-0918.44.pdiff [31 B]
Get:51 http://httpredir.debian.org jessie-backports/main 2016-08-29-1516.53.pdiff [3415 B]
Get:52 http://httpredir.debian.org jessie-backports/main 2016-08-29-1516.53.pdiff [3415 B]
Get:53 http://httpredir.debian.org jessie-backports/non-free 2016-07-28-1514.02.pdiff [2893 B]
Get:54 http://httpredir.debian.org jessie-backports/non-free 2016-07-29-1514.49.pdiff [50 B]
Get:55 http://httpredir.debian.org jessie-backports/non-free 2016-07-29-1514.49.pdiff [50 B]
Fetched 1550 kB in 1s (866 kB/s)
Reading package lists...
Reading package lists...
Building dependency tree...
Reading state information...
The following packages will be upgraded:
  exim4-base exim4-config exim4-daemon-heavy fontconfig-config gnupg gpgv
  imagemagick-common libapache2-mod-php5 libapache2-mod-vhost-bytemark
  libcurl3 libdbd-mysql-perl libfontconfig1 libgcrypt20 libgd3
  libmagickcore-6.q16-2 libmagickwand-6.q16-2 libmodule-build-perl
  libnet-dns-perl libperl5.20 libpq5 ntp perl perl-base perl-modules php-pear
  php5 php5-cli php5-common php5-curl php5-gd php5-imap php5-mcrypt php5-mysql
  php5-readline php5-xmlrpc ruby-activesupport symbiosis-common
  symbiosis-email symbiosis-email-activesync symbiosis-httpd
40 upgraded, 0 newly installed, 0 to remove and 0 not upgraded.
Need to get 20.9 MB of archives.
After this operation, 271 kB disk space will be freed.
Get:1 http://symbiosis.bytemark.co.uk/jessie/ ./ symbiosis-common 2015:1218 [60.8 kB]
Get:2 http://symbiosis.bytemark.co.uk/jessie/ ./ symbiosis-email 2015:1214 [55.6 kB]
Get:3 http://symbiosis.bytemark.co.uk/jessie/ ./ libapache2-mod-vhost-bytemark 2015:1111 [13.6 kB]
Get:4 http://symbiosis.bytemark.co.uk/jessie/ ./ symbiosis-httpd 2015:1111 [44.3 kB]
Get:5 http://symbiosis.bytemark.co.uk/jessie/ ./ symbiosis-email-activesync 2015:1214 [7912 B]
Get:6 http://security.debian.org/ jessie/updates/main perl amd64 5.20.2-3+deb8u6 [2637 kB]
Get:7 http://security.debian.org/ jessie/updates/main libperl5.20 amd64 5.20.2-3+deb8u6 [1350 B]
Get:8 http://security.debian.org/ jessie/updates/main perl-base amd64 5.20.2-3+deb8u6 [1229 kB]
Get:9 http://security.debian.org/ jessie/updates/main perl-modules all 5.20.2-3+deb8u6 [2547 kB]
Get:10 http://security.debian.org/ jessie/updates/main libmodule-build-perl all 0.421000-2+deb8u1 [265 kB]
Get:11 http://security.debian.org/ jessie/updates/main libgcrypt20 amd64 1.6.3-2+deb8u2 [393 kB]
Get:12 http://security.debian.org/ jessie/updates/main fontconfig-config all 2.11.0-6.3+deb8u1 [274 kB]
Get:13 http://security.debian.org/ jessie/updates/main libfontconfig1 amd64 2.11.0-6.3+deb8u1 [329 kB]
Get:14 http://security.debian.org/ jessie/updates/main libmagickwand-6.q16-2 amd64 8:6.8.9.9-5+deb8u4 [405 kB]
Get:15 http://security.debian.org/ jessie/updates/main libmagickcore-6.q16-2 amd64 8:6.8.9.9-5+deb8u4 [1684 kB]
Get:16 http://security.debian.org/ jessie/updates/main imagemagick-common all 8:6.8.9.9-5+deb8u4 [151 kB]
Get:17 http://security.debian.org/ jessie/updates/main libcurl3 amd64 7.38.0-4+deb8u4 [259 kB]
Get:18 http://security.debian.org/ jessie/updates/main libgd3 amd64 2.1.0-5+deb8u6 [148 kB]
Get:19 http://security.debian.org/ jessie/updates/main libpq5 amd64 9.4.9-0+deb8u1 [124 kB]
Get:20 http://security.debian.org/ jessie/updates/main ntp amd64 1:4.2.6.p5+dfsg-7+deb8u2 [394 kB]
Get:21 http://security.debian.org/ jessie/updates/main exim4-config all 4.84.2-2+deb8u1 [503 kB]
Get:22 http://security.debian.org/ jessie/updates/main exim4-base amd64 4.84.2-2+deb8u1 [1049 kB]
Get:23 http://security.debian.org/ jessie/updates/main exim4-daemon-heavy amd64 4.84.2-2+deb8u1 [681 kB]
Get:24 http://security.debian.org/ jessie/updates/main gpgv amd64 1.4.18-7+deb8u2 [209 kB]
Get:25 http://security.debian.org/ jessie/updates/main gnupg amd64 1.4.18-7+deb8u2 [1149 kB]
Get:26 http://security.debian.org/ jessie/updates/main php5-gd amd64 5.6.24+dfsg-0+deb8u1 [28.8 kB]
Get:27 http://security.debian.org/ jessie/updates/main php5-readline amd64 5.6.24+dfsg-0+deb8u1 [12.7 kB]
Get:28 http://security.debian.org/ jessie/updates/main php5-cli amd64 5.6.24+dfsg-0+deb8u1 [2187 kB]
Get:29 http://security.debian.org/ jessie/updates/main php5-imap amd64 5.6.24+dfsg-0+deb8u1 [31.4 kB]
Get:30 http://security.debian.org/ jessie/updates/main php5-mcrypt amd64 5.6.24+dfsg-0+deb8u1 [15.5 kB]
Get:31 http://security.debian.org/ jessie/updates/main php5-curl amd64 5.6.24+dfsg-0+deb8u1 [27.9 kB]
Get:32 http://security.debian.org/ jessie/updates/main php5-mysql amd64 5.6.24+dfsg-0+deb8u1 [65.1 kB]
Get:33 http://security.debian.org/ jessie/updates/main php5-xmlrpc amd64 5.6.24+dfsg-0+deb8u1 [35.8 kB]
Get:34 http://security.debian.org/ jessie/updates/main libapache2-mod-php5 amd64 5.6.24+dfsg-0+deb8u1 [2220 kB]
Get:35 http://security.debian.org/ jessie/updates/main php5-common amd64 5.6.24+dfsg-0+deb8u1 [725 kB]
Get:36 http://security.debian.org/ jessie/updates/main libdbd-mysql-perl amd64 4.028-2+deb8u1 [119 kB]
Get:37 http://security.debian.org/ jessie/updates/main libnet-dns-perl amd64 0.81-2+deb8u1 [331 kB]
Get:38 http://security.debian.org/ jessie/updates/main php-pear all 5.6.24+dfsg-0+deb8u1 [268 kB]
Get:39 http://security.debian.org/ jessie/updates/main php5 all 5.6.24+dfsg-0+deb8u1 [1316 B]
Get:40 http://security.debian.org/ jessie/updates/main ruby-activesupport all 2:4.1.8-1+deb8u4 [208 kB]
Fetched 20.9 MB in 1s (14.7 MB/s)
(Reading database ... 43428 files and directories currently installed.)
Preparing to unpack .../perl_5.20.2-3+deb8u6_amd64.deb ...
Unpacking perl (5.20.2-3+deb8u6) over (5.20.2-3+deb8u5) ...
Preparing to unpack .../libperl5.20_5.20.2-3+deb8u6_amd64.deb ...
Unpacking libperl5.20 (5.20.2-3+deb8u6) over (5.20.2-3+deb8u5) ...
Preparing to unpack .../perl-base_5.20.2-3+deb8u6_amd64.deb ...
Unpacking perl-base (5.20.2-3+deb8u6) over (5.20.2-3+deb8u5) ...
Processing triggers for man-db (2.7.0.2-5) ...
Setting up perl-base (5.20.2-3+deb8u6) ...
(Reading database ... 43428 files and directories currently installed.)
Preparing to unpack .../perl-modules_5.20.2-3+deb8u6_all.deb ...
Unpacking perl-modules (5.20.2-3+deb8u6) over (5.20.2-3+deb8u5) ...
Preparing to unpack .../libmodule-build-perl_0.421000-2+deb8u1_all.deb ...
Unpacking libmodule-build-perl (0.421000-2+deb8u1) over (0.421000-2) ...
Preparing to unpack .../libgcrypt20_1.6.3-2+deb8u2_amd64.deb ...
Unpacking libgcrypt20:amd64 (1.6.3-2+deb8u2) over (1.6.3-2+deb8u1) ...
Processing triggers for man-db (2.7.0.2-5) ...
Setting up libgcrypt20:amd64 (1.6.3-2+deb8u2) ...
Processing triggers for libc-bin (2.19-18+deb8u4) ...
(Reading database ... 43429 files and directories currently installed.)
Preparing to unpack .../fontconfig-config_2.11.0-6.3+deb8u1_all.deb ...
Unpacking fontconfig-config (2.11.0-6.3+deb8u1) over (2.11.0-6.3) ...
Preparing to unpack .../libfontconfig1_2.11.0-6.3+deb8u1_amd64.deb ...
Unpacking libfontconfig1:amd64 (2.11.0-6.3+deb8u1) over (2.11.0-6.3) ...
Preparing to unpack .../libmagickwand-6.q16-2_8%3a6.8.9.9-5+deb8u4_amd64.deb ...
Unpacking libmagickwand-6.q16-2:amd64 (8:6.8.9.9-5+deb8u4) over (8:6.8.9.9-5+deb8u3) ...
Preparing to unpack .../libmagickcore-6.q16-2_8%3a6.8.9.9-5+deb8u4_amd64.deb ...
Unpacking libmagickcore-6.q16-2:amd64 (8:6.8.9.9-5+deb8u4) over (8:6.8.9.9-5+deb8u3) ...
Preparing to unpack .../imagemagick-common_8%3a6.8.9.9-5+deb8u4_all.deb ...
Unpacking imagemagick-common (8:6.8.9.9-5+deb8u4) over (8:6.8.9.9-5+deb8u3) ...
Preparing to unpack .../libcurl3_7.38.0-4+deb8u4_amd64.deb ...
Unpacking libcurl3:amd64 (7.38.0-4+deb8u4) over (7.38.0-4+deb8u3) ...
Preparing to unpack .../libgd3_2.1.0-5+deb8u6_amd64.deb ...
Unpacking libgd3:amd64 (2.1.0-5+deb8u6) over (2.1.0-5+deb8u4) ...
Preparing to unpack .../libpq5_9.4.9-0+deb8u1_amd64.deb ...
Unpacking libpq5:amd64 (9.4.9-0+deb8u1) over (9.4.8-0+deb8u1) ...
Preparing to unpack .../ntp_1%3a4.2.6.p5+dfsg-7+deb8u2_amd64.deb ...
Unpacking ntp (1:4.2.6.p5+dfsg-7+deb8u2) over (1:4.2.6.p5+dfsg-7+deb8u1) ...
Preparing to unpack .../symbiosis-common_2015%3a1218_all.deb ...
Unpacking symbiosis-common (2015:1218) over (2015:1217) ...
Preparing to unpack .../exim4-config_4.84.2-2+deb8u1_all.deb ...
Unpacking exim4-config (4.84.2-2+deb8u1) over (4.84.2-1) ...
Preparing to unpack .../exim4-base_4.84.2-2+deb8u1_amd64.deb ...
Unpacking exim4-base (4.84.2-2+deb8u1) over (4.84.2-1) ...
Preparing to unpack .../exim4-daemon-heavy_4.84.2-2+deb8u1_amd64.deb ...
Unpacking exim4-daemon-heavy (4.84.2-2+deb8u1) over (4.84.2-1) ...
Preparing to unpack .../symbiosis-email_2015%3a1214_all.deb ...
Unpacking symbiosis-email (2015:1214) over (2015:1213) ...
Restarting SpamAssassin Mail Filter Daemon: No /usr/sbin/spamd found running; none killed.
spamd.
Stopping ClamAV daemon: clamd.
Starting ClamAV daemon: clamd  failed!
Stopping MTA for restart:.
Restarting MTA: exim4.
Restarting IMAP/POP3 mail server: dovecot failed!
Preparing to unpack .../gpgv_1.4.18-7+deb8u2_amd64.deb ...
Unpacking gpgv (1.4.18-7+deb8u2) over (1.4.18-7+deb8u1) ...
Processing triggers for man-db (2.7.0.2-5) ...
Processing triggers for systemd (215-17+deb8u4) ...
Setting up gpgv (1.4.18-7+deb8u2) ...
(Reading database ... 43428 files and directories currently installed.)
Preparing to unpack .../gnupg_1.4.18-7+deb8u2_amd64.deb ...
Unpacking gnupg (1.4.18-7+deb8u2) over (1.4.18-7+deb8u1) ...
Processing triggers for man-db (2.7.0.2-5) ...
Setting up gnupg (1.4.18-7+deb8u2) ...
(Reading database ... 43428 files and directories currently installed.)
Preparing to unpack .../php5-gd_5.6.24+dfsg-0+deb8u1_amd64.deb ...
Unpacking php5-gd (5.6.24+dfsg-0+deb8u1) over (5.6.23+dfsg-0+deb8u1) ...
Preparing to unpack .../php5-readline_5.6.24+dfsg-0+deb8u1_amd64.deb ...
Unpacking php5-readline (5.6.24+dfsg-0+deb8u1) over (5.6.23+dfsg-0+deb8u1) ...
Preparing to unpack .../php5-cli_5.6.24+dfsg-0+deb8u1_amd64.deb ...
Unpacking php5-cli (5.6.24+dfsg-0+deb8u1) over (5.6.23+dfsg-0+deb8u1) ...
Preparing to unpack .../php5-imap_5.6.24+dfsg-0+deb8u1_amd64.deb ...
Unpacking php5-imap (5.6.24+dfsg-0+deb8u1) over (5.6.23+dfsg-0+deb8u1) ...
Preparing to unpack .../php5-mcrypt_5.6.24+dfsg-0+deb8u1_amd64.deb ...
Unpacking php5-mcrypt (5.6.24+dfsg-0+deb8u1) over (5.6.23+dfsg-0+deb8u1) ...
Preparing to unpack .../php5-curl_5.6.24+dfsg-0+deb8u1_amd64.deb ...
Unpacking php5-curl (5.6.24+dfsg-0+deb8u1) over (5.6.23+dfsg-0+deb8u1) ...
Preparing to unpack .../php5-mysql_5.6.24+dfsg-0+deb8u1_amd64.deb ...
Unpacking php5-mysql (5.6.24+dfsg-0+deb8u1) over (5.6.23+dfsg-0+deb8u1) ...
Preparing to unpack .../php5-xmlrpc_5.6.24+dfsg-0+deb8u1_amd64.deb ...
Unpacking php5-xmlrpc (5.6.24+dfsg-0+deb8u1) over (5.6.23+dfsg-0+deb8u1) ...
Preparing to unpack .../libapache2-mod-php5_5.6.24+dfsg-0+deb8u1_amd64.deb ...
Unpacking libapache2-mod-php5 (5.6.24+dfsg-0+deb8u1) over (5.6.23+dfsg-0+deb8u1) ...
Preparing to unpack .../php5-common_5.6.24+dfsg-0+deb8u1_amd64.deb ...
Unpacking php5-common (5.6.24+dfsg-0+deb8u1) over (5.6.23+dfsg-0+deb8u1) ...
Preparing to unpack .../libapache2-mod-vhost-bytemark_2015%3a1111_amd64.deb ...
Unpacking libapache2-mod-vhost-bytemark (2015:1111) over (2015:1110) ...
Preparing to unpack .../libdbd-mysql-perl_4.028-2+deb8u1_amd64.deb ...
Unpacking libdbd-mysql-perl (4.028-2+deb8u1) over (4.028-2+b1) ...
Preparing to unpack .../libnet-dns-perl_0.81-2+deb8u1_amd64.deb ...
Unpacking libnet-dns-perl (0.81-2+deb8u1) over (0.81-2) ...
Preparing to unpack .../php-pear_5.6.24+dfsg-0+deb8u1_all.deb ...
Unpacking php-pear (5.6.24+dfsg-0+deb8u1) over (5.6.23+dfsg-0+deb8u1) ...
Preparing to unpack .../php5_5.6.24+dfsg-0+deb8u1_all.deb ...
Unpacking php5 (5.6.24+dfsg-0+deb8u1) over (5.6.23+dfsg-0+deb8u1) ...
Preparing to unpack .../ruby-activesupport_2%3a4.1.8-1+deb8u4_all.deb ...
Unpacking ruby-activesupport (2:4.1.8-1+deb8u4) over (2:4.1.8-1+deb8u2) ...
Preparing to unpack .../symbiosis-httpd_2015%3a1111_all.deb ...
I: Skipping removal.
Unpacking symbiosis-httpd (2015:1111) over (2015:1110) ...
Preparing to unpack .../symbiosis-email-activesync_2015%3a1214_all.deb ...
Unpacking symbiosis-email-activesync (2015:1214) over (2015:1213) ...
Processing triggers for man-db (2.7.0.2-5) ...
Setting up perl-modules (5.20.2-3+deb8u6) ...
Setting up perl (5.20.2-3+deb8u6) ...
Setting up libperl5.20 (5.20.2-3+deb8u6) ...
Setting up libmodule-build-perl (0.421000-2+deb8u1) ...
Setting up fontconfig-config (2.11.0-6.3+deb8u1) ...
Setting up libfontconfig1:amd64 (2.11.0-6.3+deb8u1) ...
Setting up imagemagick-common (8:6.8.9.9-5+deb8u4) ...
Installing new version of config file /etc/ImageMagick-6/delegates.xml ...
Setting up libmagickcore-6.q16-2:amd64 (8:6.8.9.9-5+deb8u4) ...
Setting up libmagickwand-6.q16-2:amd64 (8:6.8.9.9-5+deb8u4) ...
Setting up libcurl3:amd64 (7.38.0-4+deb8u4) ...
Setting up libgd3:amd64 (2.1.0-5+deb8u6) ...
Setting up libpq5:amd64 (9.4.9-0+deb8u1) ...
Setting up ntp (1:4.2.6.p5+dfsg-7+deb8u2) ...
Setting up symbiosis-common (2015:1218) ...
Shadow passwords are now on.
* Examining certificates for bowland2.aonb.countryscape.uk0.bigv.io
	No valid certificate sets found.
	Fetching a new certificate from LetsEncrypt.
	Requesting verification for bowland2.aonb.countryscape.uk0.bigv.io from https://acme-v01.api.letsencrypt.org/directory
	!! Unable to verify bowland2.aonb.countryscape.uk0.bigv.io (status: invalid)
	!! Check http://bowland2.aonb.countryscape.uk0.bigv.io/.well-known/acme-challenge/8qhpFA0zwfyoLlIX4SSUPC16Z0zVKJWdbyfW9tqdWZw works.
	Requesting verification for www.bowland2.aonb.countryscape.uk0.bigv.io from https://acme-v01.api.letsencrypt.org/directory
	!! Unable to verify www.bowland2.aonb.countryscape.uk0.bigv.io (status: invalid)
	!! Check http://www.bowland2.aonb.countryscape.uk0.bigv.io/.well-known/acme-challenge/4x6OpbNfSzUrxwDybMGTjj4mR1fRJ4VVmaZyEfu4CeY works.
	!! Failed: Failed to fetch certificate
W: SSL certificate generation failed. Retrying with a self-signed certificate...
* Examining certificates for bowland2.aonb.countryscape.uk0.bigv.io
	No valid certificate sets found.
	Fetching a new certificate from SelfSigned.
	Successfully fetched new certificate and created set 0
	Rolled over to SSL set 0
I: Symlinking SSL certificate and key from /srv/bowland2.aonb.countryscape.uk0.bigv.io/config/ssl/current to /etc/ssl
Setting up exim4-config (4.84.2-2+deb8u1) ...
Setting up exim4-base (4.84.2-2+deb8u1) ...
Setting up exim4-daemon-heavy (4.84.2-2+deb8u1) ...
Setting up symbiosis-email (2015:1214) ...
Installing new version of config file /etc/exim4/symbiosis.d/20-routers/26-vhost-default-forward ...
Stopping MTA for restart: exim4_listener.
Restarting MTA: exim4.
Restarting IMAP/POP3 mail server: dovecot.
Restarting SpamAssassin Mail Filter Daemon: spamd.
Stopping ClamAV daemon: clamd.
Starting ClamAV daemon: clamd  failed!
Setting up php5-common (5.6.24+dfsg-0+deb8u1) ...
Setting up php5-gd (5.6.24+dfsg-0+deb8u1) ...
Setting up php5-cli (5.6.24+dfsg-0+deb8u1) ...
Setting up php5-readline (5.6.24+dfsg-0+deb8u1) ...
Setting up php5-imap (5.6.24+dfsg-0+deb8u1) ...
Setting up php5-mcrypt (5.6.24+dfsg-0+deb8u1) ...
Setting up php5-curl (5.6.24+dfsg-0+deb8u1) ...
Setting up php5-mysql (5.6.24+dfsg-0+deb8u1) ...
Setting up php5-xmlrpc (5.6.24+dfsg-0+deb8u1) ...
Setting up libapache2-mod-php5 (5.6.24+dfsg-0+deb8u1) ...
Setting up libapache2-mod-vhost-bytemark (2015:1111) ...
Setting up libdbd-mysql-perl (4.028-2+deb8u1) ...
Setting up libnet-dns-perl (0.81-2+deb8u1) ...
Setting up php-pear (5.6.24+dfsg-0+deb8u1) ...
Installing new version of config file /etc/pear/pear.conf ...
Setting up php5 (5.6.24+dfsg-0+deb8u1) ...
Setting up ruby-activesupport (2:4.1.8-1+deb8u4) ...
Setting up symbiosis-httpd (2015:1111) ...
Installing new version of config file /etc/symbiosis/apache.d/ssl.template.erb ...
Domain: bowland2.aonb.countryscape.uk0.bigv.io
	Current SSL set 0: self-signed for /CN=bowland2.aonb.countryscape.uk0.bigv.io, expires 2017-08-30 09:35:58 UTC
	This site has SSL enabled, and is using the host's primary IPs -- continuing with SNI.
	SSL is enabled -- using SSL template
	Adding to configurations
Mass hosting template: /etc/symbiosis/apache.d/zz-mass-hosting.template.erb
	Adding to configurations
Mass hosting template: /etc/symbiosis/apache.d/zz-mass-hosting.ssl.template.erb
	Adding to configurations
Configuration: bowland2.aonb.countryscape.uk0.bigv.io.conf
	Configuring site for the first time
	Writing configuration
	Enabling configuration.
Configuration: zz-mass-hosting.conf
	Re-creating configuration as it is out of date.
	Writing configuration
	Already enabled.
Configuration: zz-mass-hosting.ssl.conf
	Re-creating configuration as it is out of date.
	Writing configuration
	Already enabled.
Setting up symbiosis-email-activesync (2015:1214) ...
Processing triggers for libc-bin (2.19-18+deb8u4) ...
